================================================================
== Vivado Place & Route Results
================================================================
+ General Information:
    * Date:            Sat Nov 29 17:23:57 +0100 2025
    * Version:         2025.1 (Build 6135595 on May 21 2025)
    * Project:         HLS_Logistic8f
    * Solution:        hls (Vivado IP Flow Target)
    * Product family:  artixuplus
    * Target device:   xcau20p-sfvb784-2-e


================================================================
== Run Constraints & Options
================================================================
+ Design Constraints & Options:
    * Place & Route target clock:  5 ns
    * C-Synthesis target clock:    5 ns
    * C-Synthesis uncertainty:     10%

+ RTL Synthesis Options:
    * config_export -vivado_synth_strategy:     default
    * config_export -vivado_synth_design_args:  -directive sdx_optimization_effort_high

+ Place & Route Options:
    * config_export -vivado_impl_strategy:  default
    * config_export -vivado_phys_opt:       auto

+ Reporting Options:
    * config_export -vivado_report_level:      2
    * config_export -vivado_max_timing_paths:  10


================================================================
== Place & Route Resource Summary
================================================================
LUT:              11036
FF:               11488
DSP:              121
BRAM:             4
URAM:             0
SRL:              408


================================================================
== Place & Route Timing Summary
================================================================
* Timing was met
+----------------+-------------+
| Timing         | Period (ns) |
+----------------+-------------+
| Target         | 5.000       |
| Post-Synthesis | 2.591       |
| Post-Route     | 3.455       |
+----------------+-------------+


================================================================
== Place & Route Resources
================================================================
+---------------------------------------------------------+-------+-------+-----+------+------+-----+--------+------+---------+----------+--------+
| Name                                                    | LUT   | FF    | DSP | BRAM | URAM | SRL | Pragma | Impl | Latency | Variable | Source |
+---------------------------------------------------------+-------+-------+-----+------+------+-----+--------+------+---------+----------+--------+
| inst                                                    | 11036 | 11488 | 121 | 4    |      |     |        |      |         |          |        |
|   (inst)                                                | 25    | 1494  |     |      |      |     |        |      |         |          |        |
|   dadd_64ns_64ns_64_8_full_dsp_1_U12                    | 761   | 621   | 3   |      |      |     |        |      |         |          |        |
|   dadd_64ns_64ns_64_8_full_dsp_1_U13                    | 757   | 621   | 3   |      |      |     |        |      |         |          |        |
|   dadd_64ns_64ns_64_8_full_dsp_1_U14                    | 693   | 621   | 3   |      |      |     |        |      |         |          |        |
|   dadd_64ns_64ns_64_8_full_dsp_1_U15                    | 693   | 621   | 3   |      |      |     |        |      |         |          |        |
|   dadd_64ns_64ns_64_8_full_dsp_1_U16                    | 694   | 621   | 3   |      |      |     |        |      |         |          |        |
|   dmul_64ns_64ns_64_8_max_dsp_1_U17                     | 378   | 297   | 8   |      |      |     |        |      |         |          |        |
|   dmul_64ns_64ns_64_8_max_dsp_1_U18                     | 297   | 293   | 8   |      |      |     |        |      |         |          |        |
|   dmul_64ns_64ns_64_8_max_dsp_1_U19                     | 161   | 214   | 8   |      |      |     |        |      |         |          |        |
|   dmul_64ns_64ns_64_8_max_dsp_1_U20                     | 178   | 214   | 8   |      |      |     |        |      |         |          |        |
|   dmul_64ns_64ns_64_8_max_dsp_1_U21                     | 156   | 209   | 8   |      |      |     |        |      |         |          |        |
|   dmul_64ns_64ns_64_8_max_dsp_1_U22                     | 145   | 242   | 8   |      |      |     |        |      |         |          |        |
|   dmul_64ns_64ns_64_8_max_dsp_1_U23                     | 144   | 178   | 8   |      |      |     |        |      |         |          |        |
|   dmul_64ns_64ns_64_8_max_dsp_1_U24                     | 145   | 179   | 8   |      |      |     |        |      |         |          |        |
|   dmul_64ns_64ns_64_8_max_dsp_1_U25                     | 144   | 242   | 8   |      |      |     |        |      |         |          |        |
|   dmul_64ns_64ns_64_8_max_dsp_1_U26                     | 144   | 178   | 8   |      |      |     |        |      |         |          |        |
|   grp_predict_model_Pipeline_3_fu_238                   | 136   | 209   |     |      |      |     |        |      |         |          |        |
|     (grp_predict_model_Pipeline_3_fu_238)               | 18    | 79    |     |      |      |     |        |      |         |          |        |
|     dcmp_64ns_64ns_1_2_no_dsp_1_U8                      | 116   | 128   |     |      |      |     |        |      |         |          |        |
|     flow_control_loop_pipe_sequential_init_U            |       |       |     |      |      |     |        |      |         |          |        |
|   grp_predict_model_Pipeline_VITIS_LOOP_31_1_fu_227     | 1894  | 1117  | 26  |      |      |     |        |      |         |          |        |
|     (grp_predict_model_Pipeline_VITIS_LOOP_31_1_fu_227) | 14    | 74    |     |      |      |     |        |      |         |          |        |
|     dexp_64ns_64ns_64_21_full_dsp_1_U1                  | 1866  | 1041  | 26  |      |      |     |        |      |         |          |        |
|     flow_control_loop_pipe_sequential_init_U            |       |       |     |      |      |     |        |      |         |          |        |
|   grp_predict_model_Pipeline_VITIS_LOOP_38_2_fu_232     | 3265  | 3317  |     |      |      |     |        |      |         |          |        |
|     (grp_predict_model_Pipeline_VITIS_LOOP_38_2_fu_232) | 6     | 105   |     |      |      |     |        |      |         |          |        |
|     ddiv_64ns_64ns_64_31_no_dsp_1_U4                    | 3249  | 3210  |     |      |      |     |        |      |         |          |        |
|     flow_control_loop_pipe_sequential_init_U            |       |       |     |      |      |     |        |      |         |          |        |
|   y_U                                                   | 241   |       |     | 4    |      |     |        |      |         |          |        |
+---------------------------------------------------------+-------+-------+-----+------+------+-----+--------+------+---------+----------+--------+


================================================================
== Place & Route Fail Fast
================================================================
+-----------------------------------------------------------+-----------+--------+--------+
| Criteria                                                  | Guideline | Actual | Status |
+-----------------------------------------------------------+-----------+--------+--------+
| LUT                                                       | 70%       | 10.12% | OK     |
| FD                                                        | 50%       | 5.27%  | OK     |
| LUTRAM+SRL                                                | 25%       | 0.41%  | OK     |
| CARRY8                                                    | 25%       | 2.59%  | OK     |
| MUXF7                                                     | 15%       | 0.40%  | OK     |
| DSP                                                       | 80%       | 13.44% | OK     |
| RAMB/FIFO                                                 | 80%       | 1.00%  | OK     |
| DSP+RAMB+URAM (Avg)                                       | 70%       | 7.22%  | OK     |
| BUFGCE* + BUFGCTRL                                        | 24        | 0      | OK     |
| DONT_TOUCH (cells/nets)                                   | 0         | 0      | OK     |
| MARK_DEBUG (nets)                                         | 0         | 0      | OK     |
| Control Sets                                              | 2044      | 61     | OK     |
| Average Fanout for modules > 100k cells                   | 4         | 1.10   | OK     |
| Max Average Fanout for modules > 100k cells               | 4         | 0      | OK     |
| Non-FD high fanout nets > 10k loads                       | 0         | 0      | OK     |
+-----------------------------------------------------------+-----------+--------+--------+
| TIMING-6 (No common primary clock between related clocks) | 0         | 0      | OK     |
| TIMING-7 (No common node between related clocks)          | 0         | 0      | OK     |
| TIMING-8 (No common period between related clocks)        | 0         | 0      | OK     |
| TIMING-14 (LUT on the clock tree)                         | 0         | 0      | OK     |
| TIMING-35 (No common node in paths with the same clock)   | 0         | 0      | OK     |
+-----------------------------------------------------------+-----------+--------+--------+
| Number of paths above max LUT budgeting (0.300ns)         | 0         | 0      | OK     |
| Number of paths above max Net budgeting (0.208ns)         | 0         | 0      | OK     |
+-----------------------------------------------------------+-----------+--------+--------+


================================================================
== Place & Route Timing Paths
================================================================
* Timing was met
+-------+---------------------+---------------------------------------------------------------------------------------+----------------------------------------------------------------+--------------+------------+---------------------+---------------------+---------------------+
| Path  |               SLACK | STARTPOINT PIN                                                                        | ENDPOINT PIN                                                   | LOGIC LEVELS | MAX FANOUT |      DATAPATH DELAY |      DATAPATH LOGIC |        DATAPATH NET |
|       |                     |                                                                                       |                                                                |              |            |                     |               DELAY |               DELAY |
+-------+---------------------+---------------------------------------------------------------------------------------+----------------------------------------------------------------+--------------+------------+---------------------+---------------------+---------------------+
| Path1 | 1.54487204551696777 | grp_predict_model_Pipeline_3_fu_238/dcmp_64ns_64ns_1_2_no_dsp_1_U8/din1_buf1_reg[6]/C | grp_predict_model_Pipeline_3_fu_238/p_result_1_fu_50_reg[18]/R |            6 |         31 | 3.33577275276184082 | 0.64300000667572021 | 2.69277286529541016 |
| Path2 | 1.54487204551696777 | grp_predict_model_Pipeline_3_fu_238/dcmp_64ns_64ns_1_2_no_dsp_1_U8/din1_buf1_reg[6]/C | grp_predict_model_Pipeline_3_fu_238/p_result_1_fu_50_reg[28]/R |            6 |         31 | 3.33577275276184082 | 0.64300000667572021 | 2.69277286529541016 |
| Path3 | 1.54487204551696777 | grp_predict_model_Pipeline_3_fu_238/dcmp_64ns_64ns_1_2_no_dsp_1_U8/din1_buf1_reg[6]/C | grp_predict_model_Pipeline_3_fu_238/p_result_1_fu_50_reg[29]/R |            6 |         31 | 3.33577275276184082 | 0.64300000667572021 | 2.69277286529541016 |
| Path4 | 1.54487204551696777 | grp_predict_model_Pipeline_3_fu_238/dcmp_64ns_64ns_1_2_no_dsp_1_U8/din1_buf1_reg[6]/C | grp_predict_model_Pipeline_3_fu_238/p_result_1_fu_50_reg[9]/R  |            6 |         31 | 3.33577275276184082 | 0.64300000667572021 | 2.69277286529541016 |
| Path5 | 1.57495439052581787 | grp_predict_model_Pipeline_3_fu_238/dcmp_64ns_64ns_1_2_no_dsp_1_U8/din1_buf1_reg[6]/C | grp_predict_model_Pipeline_3_fu_238/p_result_1_fu_50_reg[13]/R |            6 |         31 | 3.30569028854370117 | 0.64300000667572021 | 2.66269040107727051 |
+-------+---------------------+---------------------------------------------------------------------------------------+----------------------------------------------------------------+--------------+------------+---------------------+---------------------+---------------------+

    +--------------------------------------------------------------------------------------------------------------------------------------------------------------------------------------------------------------------------------+-------------------+
    | Path1 Cells                                                                                                                                                                                                                    | Primitive Type    |
    +--------------------------------------------------------------------------------------------------------------------------------------------------------------------------------------------------------------------------------+-------------------+
    | grp_predict_model_Pipeline_3_fu_238/dcmp_64ns_64ns_1_2_no_dsp_1_U8/din1_buf1_reg[6]                                                                                                                                            | REGISTER.SDR.FDRE |
    | grp_predict_model_Pipeline_3_fu_238/dcmp_64ns_64ns_1_2_no_dsp_1_U8/predict_model_dcmp_64ns_64ns_1_2_no_dsp_1_ip_u/U0/i_synth/COMP_OP.SPD.OP/STRUCT_CMP.B_FRAC_NOT_ZERO_DET/WIDE_NOR/CHAIN_GEN[1].C_MUX.CARRY_MUX_i_1__2        | CLB.LUT.LUT6      |
    | grp_predict_model_Pipeline_3_fu_238/dcmp_64ns_64ns_1_2_no_dsp_1_U8/predict_model_dcmp_64ns_64ns_1_2_no_dsp_1_ip_u/U0/i_synth/COMP_OP.SPD.OP/STRUCT_CMP.B_FRAC_NOT_ZERO_DET/WIDE_NOR/CHAIN_GEN[0].C_MUX.CARRY_MUX_CARRY4_CARRY8 | CLB.CARRY.CARRY8  |
    | grp_predict_model_Pipeline_3_fu_238/dcmp_64ns_64ns_1_2_no_dsp_1_U8/predict_model_dcmp_64ns_64ns_1_2_no_dsp_1_ip_u/U0/i_synth/COMP_OP.SPD.OP/STRUCT_CMP.B_FRAC_NOT_ZERO_DET/WIDE_NOR/CHAIN_GEN[8].C_MUX.CARRY_MUX_CARRY4_CARRY8 | CLB.CARRY.CARRY8  |
    | grp_predict_model_Pipeline_3_fu_238/dcmp_64ns_64ns_1_2_no_dsp_1_U8/predict_model_dcmp_64ns_64ns_1_2_no_dsp_1_ip_u/U0/i_synth/COMP_OP.SPD.OP/STRUCT_CMP.A_EXP_ALL_ONE_DET/CARRY_ZERO_DET/m_axis_result_tdata[0]_INST_0          | CLB.LUT.LUT5      |
    | grp_predict_model_Pipeline_3_fu_238/dcmp_64ns_64ns_1_2_no_dsp_1_U8/p_result_1_fu_50[34]_i_4                                                                                                                                    | CLB.LUT.LUT5      |
    | grp_predict_model_Pipeline_3_fu_238/dcmp_64ns_64ns_1_2_no_dsp_1_U8/p_result_1_fu_50[34]_i_1                                                                                                                                    | CLB.LUT.LUT5      |
    | grp_predict_model_Pipeline_3_fu_238/p_result_1_fu_50_reg[18]                                                                                                                                                                   | REGISTER.SDR.FDRE |
    | grp_predict_model_Pipeline_3_fu_238/dcmp_64ns_64ns_1_2_no_dsp_1_U8/din1_buf1_reg[6]                                                                                                                                            | REGISTER.SDR.FDRE |
    | grp_predict_model_Pipeline_3_fu_238/dcmp_64ns_64ns_1_2_no_dsp_1_U8/predict_model_dcmp_64ns_64ns_1_2_no_dsp_1_ip_u/U0/i_synth/COMP_OP.SPD.OP/STRUCT_CMP.B_FRAC_NOT_ZERO_DET/WIDE_NOR/CHAIN_GEN[1].C_MUX.CARRY_MUX_i_1__2        | CLB.LUT.LUT6      |
    | grp_predict_model_Pipeline_3_fu_238/dcmp_64ns_64ns_1_2_no_dsp_1_U8/predict_model_dcmp_64ns_64ns_1_2_no_dsp_1_ip_u/U0/i_synth/COMP_OP.SPD.OP/STRUCT_CMP.B_FRAC_NOT_ZERO_DET/WIDE_NOR/CHAIN_GEN[0].C_MUX.CARRY_MUX_CARRY4_CARRY8 | CLB.CARRY.CARRY8  |
    | grp_predict_model_Pipeline_3_fu_238/dcmp_64ns_64ns_1_2_no_dsp_1_U8/predict_model_dcmp_64ns_64ns_1_2_no_dsp_1_ip_u/U0/i_synth/COMP_OP.SPD.OP/STRUCT_CMP.B_FRAC_NOT_ZERO_DET/WIDE_NOR/CHAIN_GEN[8].C_MUX.CARRY_MUX_CARRY4_CARRY8 | CLB.CARRY.CARRY8  |
    | grp_predict_model_Pipeline_3_fu_238/dcmp_64ns_64ns_1_2_no_dsp_1_U8/predict_model_dcmp_64ns_64ns_1_2_no_dsp_1_ip_u/U0/i_synth/COMP_OP.SPD.OP/STRUCT_CMP.A_EXP_ALL_ONE_DET/CARRY_ZERO_DET/m_axis_result_tdata[0]_INST_0          | CLB.LUT.LUT5      |
    | grp_predict_model_Pipeline_3_fu_238/dcmp_64ns_64ns_1_2_no_dsp_1_U8/p_result_1_fu_50[34]_i_4                                                                                                                                    | CLB.LUT.LUT5      |
    | grp_predict_model_Pipeline_3_fu_238/dcmp_64ns_64ns_1_2_no_dsp_1_U8/p_result_1_fu_50[34]_i_1                                                                                                                                    | CLB.LUT.LUT5      |
    | grp_predict_model_Pipeline_3_fu_238/p_result_1_fu_50_reg[28]                                                                                                                                                                   | REGISTER.SDR.FDRE |
    | grp_predict_model_Pipeline_3_fu_238/dcmp_64ns_64ns_1_2_no_dsp_1_U8/din1_buf1_reg[6]                                                                                                                                            | REGISTER.SDR.FDRE |
    | grp_predict_model_Pipeline_3_fu_238/dcmp_64ns_64ns_1_2_no_dsp_1_U8/predict_model_dcmp_64ns_64ns_1_2_no_dsp_1_ip_u/U0/i_synth/COMP_OP.SPD.OP/STRUCT_CMP.B_FRAC_NOT_ZERO_DET/WIDE_NOR/CHAIN_GEN[1].C_MUX.CARRY_MUX_i_1__2        | CLB.LUT.LUT6      |
    | grp_predict_model_Pipeline_3_fu_238/dcmp_64ns_64ns_1_2_no_dsp_1_U8/predict_model_dcmp_64ns_64ns_1_2_no_dsp_1_ip_u/U0/i_synth/COMP_OP.SPD.OP/STRUCT_CMP.B_FRAC_NOT_ZERO_DET/WIDE_NOR/CHAIN_GEN[0].C_MUX.CARRY_MUX_CARRY4_CARRY8 | CLB.CARRY.CARRY8  |
    | grp_predict_model_Pipeline_3_fu_238/dcmp_64ns_64ns_1_2_no_dsp_1_U8/predict_model_dcmp_64ns_64ns_1_2_no_dsp_1_ip_u/U0/i_synth/COMP_OP.SPD.OP/STRUCT_CMP.B_FRAC_NOT_ZERO_DET/WIDE_NOR/CHAIN_GEN[8].C_MUX.CARRY_MUX_CARRY4_CARRY8 | CLB.CARRY.CARRY8  |
    | grp_predict_model_Pipeline_3_fu_238/dcmp_64ns_64ns_1_2_no_dsp_1_U8/predict_model_dcmp_64ns_64ns_1_2_no_dsp_1_ip_u/U0/i_synth/COMP_OP.SPD.OP/STRUCT_CMP.A_EXP_ALL_ONE_DET/CARRY_ZERO_DET/m_axis_result_tdata[0]_INST_0          | CLB.LUT.LUT5      |
    | grp_predict_model_Pipeline_3_fu_238/dcmp_64ns_64ns_1_2_no_dsp_1_U8/p_result_1_fu_50[34]_i_4                                                                                                                                    | CLB.LUT.LUT5      |
    | grp_predict_model_Pipeline_3_fu_238/dcmp_64ns_64ns_1_2_no_dsp_1_U8/p_result_1_fu_50[34]_i_1                                                                                                                                    | CLB.LUT.LUT5      |
    | grp_predict_model_Pipeline_3_fu_238/p_result_1_fu_50_reg[29]                                                                                                                                                                   | REGISTER.SDR.FDRE |
    | grp_predict_model_Pipeline_3_fu_238/dcmp_64ns_64ns_1_2_no_dsp_1_U8/din1_buf1_reg[6]                                                                                                                                            | REGISTER.SDR.FDRE |
    | grp_predict_model_Pipeline_3_fu_238/dcmp_64ns_64ns_1_2_no_dsp_1_U8/predict_model_dcmp_64ns_64ns_1_2_no_dsp_1_ip_u/U0/i_synth/COMP_OP.SPD.OP/STRUCT_CMP.B_FRAC_NOT_ZERO_DET/WIDE_NOR/CHAIN_GEN[1].C_MUX.CARRY_MUX_i_1__2        | CLB.LUT.LUT6      |
    | grp_predict_model_Pipeline_3_fu_238/dcmp_64ns_64ns_1_2_no_dsp_1_U8/predict_model_dcmp_64ns_64ns_1_2_no_dsp_1_ip_u/U0/i_synth/COMP_OP.SPD.OP/STRUCT_CMP.B_FRAC_NOT_ZERO_DET/WIDE_NOR/CHAIN_GEN[0].C_MUX.CARRY_MUX_CARRY4_CARRY8 | CLB.CARRY.CARRY8  |
    | grp_predict_model_Pipeline_3_fu_238/dcmp_64ns_64ns_1_2_no_dsp_1_U8/predict_model_dcmp_64ns_64ns_1_2_no_dsp_1_ip_u/U0/i_synth/COMP_OP.SPD.OP/STRUCT_CMP.B_FRAC_NOT_ZERO_DET/WIDE_NOR/CHAIN_GEN[8].C_MUX.CARRY_MUX_CARRY4_CARRY8 | CLB.CARRY.CARRY8  |
    | grp_predict_model_Pipeline_3_fu_238/dcmp_64ns_64ns_1_2_no_dsp_1_U8/predict_model_dcmp_64ns_64ns_1_2_no_dsp_1_ip_u/U0/i_synth/COMP_OP.SPD.OP/STRUCT_CMP.A_EXP_ALL_ONE_DET/CARRY_ZERO_DET/m_axis_result_tdata[0]_INST_0          | CLB.LUT.LUT5      |
    | grp_predict_model_Pipeline_3_fu_238/dcmp_64ns_64ns_1_2_no_dsp_1_U8/p_result_1_fu_50[34]_i_4                                                                                                                                    | CLB.LUT.LUT5      |
    | grp_predict_model_Pipeline_3_fu_238/dcmp_64ns_64ns_1_2_no_dsp_1_U8/p_result_1_fu_50[34]_i_1                                                                                                                                    | CLB.LUT.LUT5      |
    | grp_predict_model_Pipeline_3_fu_238/p_result_1_fu_50_reg[9]                                                                                                                                                                    | REGISTER.SDR.FDRE |
    | grp_predict_model_Pipeline_3_fu_238/dcmp_64ns_64ns_1_2_no_dsp_1_U8/din1_buf1_reg[6]                                                                                                                                            | REGISTER.SDR.FDRE |
    | grp_predict_model_Pipeline_3_fu_238/dcmp_64ns_64ns_1_2_no_dsp_1_U8/predict_model_dcmp_64ns_64ns_1_2_no_dsp_1_ip_u/U0/i_synth/COMP_OP.SPD.OP/STRUCT_CMP.B_FRAC_NOT_ZERO_DET/WIDE_NOR/CHAIN_GEN[1].C_MUX.CARRY_MUX_i_1__2        | CLB.LUT.LUT6      |
    | grp_predict_model_Pipeline_3_fu_238/dcmp_64ns_64ns_1_2_no_dsp_1_U8/predict_model_dcmp_64ns_64ns_1_2_no_dsp_1_ip_u/U0/i_synth/COMP_OP.SPD.OP/STRUCT_CMP.B_FRAC_NOT_ZERO_DET/WIDE_NOR/CHAIN_GEN[0].C_MUX.CARRY_MUX_CARRY4_CARRY8 | CLB.CARRY.CARRY8  |
    | grp_predict_model_Pipeline_3_fu_238/dcmp_64ns_64ns_1_2_no_dsp_1_U8/predict_model_dcmp_64ns_64ns_1_2_no_dsp_1_ip_u/U0/i_synth/COMP_OP.SPD.OP/STRUCT_CMP.B_FRAC_NOT_ZERO_DET/WIDE_NOR/CHAIN_GEN[8].C_MUX.CARRY_MUX_CARRY4_CARRY8 | CLB.CARRY.CARRY8  |
    | grp_predict_model_Pipeline_3_fu_238/dcmp_64ns_64ns_1_2_no_dsp_1_U8/predict_model_dcmp_64ns_64ns_1_2_no_dsp_1_ip_u/U0/i_synth/COMP_OP.SPD.OP/STRUCT_CMP.A_EXP_ALL_ONE_DET/CARRY_ZERO_DET/m_axis_result_tdata[0]_INST_0          | CLB.LUT.LUT5      |
    | grp_predict_model_Pipeline_3_fu_238/dcmp_64ns_64ns_1_2_no_dsp_1_U8/p_result_1_fu_50[34]_i_4                                                                                                                                    | CLB.LUT.LUT5      |
    | grp_predict_model_Pipeline_3_fu_238/dcmp_64ns_64ns_1_2_no_dsp_1_U8/p_result_1_fu_50[34]_i_1                                                                                                                                    | CLB.LUT.LUT5      |
    | grp_predict_model_Pipeline_3_fu_238/p_result_1_fu_50_reg[13]                                                                                                                                                                   | REGISTER.SDR.FDRE |
    +--------------------------------------------------------------------------------------------------------------------------------------------------------------------------------------------------------------------------------+-------------------+

    +--------------------------------------------------------------------------------------------------------------------------------------------------------------------------------------------------------------------------------+-------------------+
    | Path2 Cells                                                                                                                                                                                                                    | Primitive Type    |
    +--------------------------------------------------------------------------------------------------------------------------------------------------------------------------------------------------------------------------------+-------------------+
    | grp_predict_model_Pipeline_3_fu_238/dcmp_64ns_64ns_1_2_no_dsp_1_U8/din1_buf1_reg[6]                                                                                                                                            | REGISTER.SDR.FDRE |
    | grp_predict_model_Pipeline_3_fu_238/dcmp_64ns_64ns_1_2_no_dsp_1_U8/predict_model_dcmp_64ns_64ns_1_2_no_dsp_1_ip_u/U0/i_synth/COMP_OP.SPD.OP/STRUCT_CMP.B_FRAC_NOT_ZERO_DET/WIDE_NOR/CHAIN_GEN[1].C_MUX.CARRY_MUX_i_1__2        | CLB.LUT.LUT6      |
    | grp_predict_model_Pipeline_3_fu_238/dcmp_64ns_64ns_1_2_no_dsp_1_U8/predict_model_dcmp_64ns_64ns_1_2_no_dsp_1_ip_u/U0/i_synth/COMP_OP.SPD.OP/STRUCT_CMP.B_FRAC_NOT_ZERO_DET/WIDE_NOR/CHAIN_GEN[0].C_MUX.CARRY_MUX_CARRY4_CARRY8 | CLB.CARRY.CARRY8  |
    | grp_predict_model_Pipeline_3_fu_238/dcmp_64ns_64ns_1_2_no_dsp_1_U8/predict_model_dcmp_64ns_64ns_1_2_no_dsp_1_ip_u/U0/i_synth/COMP_OP.SPD.OP/STRUCT_CMP.B_FRAC_NOT_ZERO_DET/WIDE_NOR/CHAIN_GEN[8].C_MUX.CARRY_MUX_CARRY4_CARRY8 | CLB.CARRY.CARRY8  |
    | grp_predict_model_Pipeline_3_fu_238/dcmp_64ns_64ns_1_2_no_dsp_1_U8/predict_model_dcmp_64ns_64ns_1_2_no_dsp_1_ip_u/U0/i_synth/COMP_OP.SPD.OP/STRUCT_CMP.A_EXP_ALL_ONE_DET/CARRY_ZERO_DET/m_axis_result_tdata[0]_INST_0          | CLB.LUT.LUT5      |
    | grp_predict_model_Pipeline_3_fu_238/dcmp_64ns_64ns_1_2_no_dsp_1_U8/p_result_1_fu_50[34]_i_4                                                                                                                                    | CLB.LUT.LUT5      |
    | grp_predict_model_Pipeline_3_fu_238/dcmp_64ns_64ns_1_2_no_dsp_1_U8/p_result_1_fu_50[34]_i_1                                                                                                                                    | CLB.LUT.LUT5      |
    | grp_predict_model_Pipeline_3_fu_238/p_result_1_fu_50_reg[18]                                                                                                                                                                   | REGISTER.SDR.FDRE |
    | grp_predict_model_Pipeline_3_fu_238/dcmp_64ns_64ns_1_2_no_dsp_1_U8/din1_buf1_reg[6]                                                                                                                                            | REGISTER.SDR.FDRE |
    | grp_predict_model_Pipeline_3_fu_238/dcmp_64ns_64ns_1_2_no_dsp_1_U8/predict_model_dcmp_64ns_64ns_1_2_no_dsp_1_ip_u/U0/i_synth/COMP_OP.SPD.OP/STRUCT_CMP.B_FRAC_NOT_ZERO_DET/WIDE_NOR/CHAIN_GEN[1].C_MUX.CARRY_MUX_i_1__2        | CLB.LUT.LUT6      |
    | grp_predict_model_Pipeline_3_fu_238/dcmp_64ns_64ns_1_2_no_dsp_1_U8/predict_model_dcmp_64ns_64ns_1_2_no_dsp_1_ip_u/U0/i_synth/COMP_OP.SPD.OP/STRUCT_CMP.B_FRAC_NOT_ZERO_DET/WIDE_NOR/CHAIN_GEN[0].C_MUX.CARRY_MUX_CARRY4_CARRY8 | CLB.CARRY.CARRY8  |
    | grp_predict_model_Pipeline_3_fu_238/dcmp_64ns_64ns_1_2_no_dsp_1_U8/predict_model_dcmp_64ns_64ns_1_2_no_dsp_1_ip_u/U0/i_synth/COMP_OP.SPD.OP/STRUCT_CMP.B_FRAC_NOT_ZERO_DET/WIDE_NOR/CHAIN_GEN[8].C_MUX.CARRY_MUX_CARRY4_CARRY8 | CLB.CARRY.CARRY8  |
    | grp_predict_model_Pipeline_3_fu_238/dcmp_64ns_64ns_1_2_no_dsp_1_U8/predict_model_dcmp_64ns_64ns_1_2_no_dsp_1_ip_u/U0/i_synth/COMP_OP.SPD.OP/STRUCT_CMP.A_EXP_ALL_ONE_DET/CARRY_ZERO_DET/m_axis_result_tdata[0]_INST_0          | CLB.LUT.LUT5      |
    | grp_predict_model_Pipeline_3_fu_238/dcmp_64ns_64ns_1_2_no_dsp_1_U8/p_result_1_fu_50[34]_i_4                                                                                                                                    | CLB.LUT.LUT5      |
    | grp_predict_model_Pipeline_3_fu_238/dcmp_64ns_64ns_1_2_no_dsp_1_U8/p_result_1_fu_50[34]_i_1                                                                                                                                    | CLB.LUT.LUT5      |
    | grp_predict_model_Pipeline_3_fu_238/p_result_1_fu_50_reg[28]                                                                                                                                                                   | REGISTER.SDR.FDRE |
    | grp_predict_model_Pipeline_3_fu_238/dcmp_64ns_64ns_1_2_no_dsp_1_U8/din1_buf1_reg[6]                                                                                                                                            | REGISTER.SDR.FDRE |
    | grp_predict_model_Pipeline_3_fu_238/dcmp_64ns_64ns_1_2_no_dsp_1_U8/predict_model_dcmp_64ns_64ns_1_2_no_dsp_1_ip_u/U0/i_synth/COMP_OP.SPD.OP/STRUCT_CMP.B_FRAC_NOT_ZERO_DET/WIDE_NOR/CHAIN_GEN[1].C_MUX.CARRY_MUX_i_1__2        | CLB.LUT.LUT6      |
    | grp_predict_model_Pipeline_3_fu_238/dcmp_64ns_64ns_1_2_no_dsp_1_U8/predict_model_dcmp_64ns_64ns_1_2_no_dsp_1_ip_u/U0/i_synth/COMP_OP.SPD.OP/STRUCT_CMP.B_FRAC_NOT_ZERO_DET/WIDE_NOR/CHAIN_GEN[0].C_MUX.CARRY_MUX_CARRY4_CARRY8 | CLB.CARRY.CARRY8  |
    | grp_predict_model_Pipeline_3_fu_238/dcmp_64ns_64ns_1_2_no_dsp_1_U8/predict_model_dcmp_64ns_64ns_1_2_no_dsp_1_ip_u/U0/i_synth/COMP_OP.SPD.OP/STRUCT_CMP.B_FRAC_NOT_ZERO_DET/WIDE_NOR/CHAIN_GEN[8].C_MUX.CARRY_MUX_CARRY4_CARRY8 | CLB.CARRY.CARRY8  |
    | grp_predict_model_Pipeline_3_fu_238/dcmp_64ns_64ns_1_2_no_dsp_1_U8/predict_model_dcmp_64ns_64ns_1_2_no_dsp_1_ip_u/U0/i_synth/COMP_OP.SPD.OP/STRUCT_CMP.A_EXP_ALL_ONE_DET/CARRY_ZERO_DET/m_axis_result_tdata[0]_INST_0          | CLB.LUT.LUT5      |
    | grp_predict_model_Pipeline_3_fu_238/dcmp_64ns_64ns_1_2_no_dsp_1_U8/p_result_1_fu_50[34]_i_4                                                                                                                                    | CLB.LUT.LUT5      |
    | grp_predict_model_Pipeline_3_fu_238/dcmp_64ns_64ns_1_2_no_dsp_1_U8/p_result_1_fu_50[34]_i_1                                                                                                                                    | CLB.LUT.LUT5      |
    | grp_predict_model_Pipeline_3_fu_238/p_result_1_fu_50_reg[29]                                                                                                                                                                   | REGISTER.SDR.FDRE |
    | grp_predict_model_Pipeline_3_fu_238/dcmp_64ns_64ns_1_2_no_dsp_1_U8/din1_buf1_reg[6]                                                                                                                                            | REGISTER.SDR.FDRE |
    | grp_predict_model_Pipeline_3_fu_238/dcmp_64ns_64ns_1_2_no_dsp_1_U8/predict_model_dcmp_64ns_64ns_1_2_no_dsp_1_ip_u/U0/i_synth/COMP_OP.SPD.OP/STRUCT_CMP.B_FRAC_NOT_ZERO_DET/WIDE_NOR/CHAIN_GEN[1].C_MUX.CARRY_MUX_i_1__2        | CLB.LUT.LUT6      |
    | grp_predict_model_Pipeline_3_fu_238/dcmp_64ns_64ns_1_2_no_dsp_1_U8/predict_model_dcmp_64ns_64ns_1_2_no_dsp_1_ip_u/U0/i_synth/COMP_OP.SPD.OP/STRUCT_CMP.B_FRAC_NOT_ZERO_DET/WIDE_NOR/CHAIN_GEN[0].C_MUX.CARRY_MUX_CARRY4_CARRY8 | CLB.CARRY.CARRY8  |
    | grp_predict_model_Pipeline_3_fu_238/dcmp_64ns_64ns_1_2_no_dsp_1_U8/predict_model_dcmp_64ns_64ns_1_2_no_dsp_1_ip_u/U0/i_synth/COMP_OP.SPD.OP/STRUCT_CMP.B_FRAC_NOT_ZERO_DET/WIDE_NOR/CHAIN_GEN[8].C_MUX.CARRY_MUX_CARRY4_CARRY8 | CLB.CARRY.CARRY8  |
    | grp_predict_model_Pipeline_3_fu_238/dcmp_64ns_64ns_1_2_no_dsp_1_U8/predict_model_dcmp_64ns_64ns_1_2_no_dsp_1_ip_u/U0/i_synth/COMP_OP.SPD.OP/STRUCT_CMP.A_EXP_ALL_ONE_DET/CARRY_ZERO_DET/m_axis_result_tdata[0]_INST_0          | CLB.LUT.LUT5      |
    | grp_predict_model_Pipeline_3_fu_238/dcmp_64ns_64ns_1_2_no_dsp_1_U8/p_result_1_fu_50[34]_i_4                                                                                                                                    | CLB.LUT.LUT5      |
    | grp_predict_model_Pipeline_3_fu_238/dcmp_64ns_64ns_1_2_no_dsp_1_U8/p_result_1_fu_50[34]_i_1                                                                                                                                    | CLB.LUT.LUT5      |
    | grp_predict_model_Pipeline_3_fu_238/p_result_1_fu_50_reg[9]                                                                                                                                                                    | REGISTER.SDR.FDRE |
    | grp_predict_model_Pipeline_3_fu_238/dcmp_64ns_64ns_1_2_no_dsp_1_U8/din1_buf1_reg[6]                                                                                                                                            | REGISTER.SDR.FDRE |
    | grp_predict_model_Pipeline_3_fu_238/dcmp_64ns_64ns_1_2_no_dsp_1_U8/predict_model_dcmp_64ns_64ns_1_2_no_dsp_1_ip_u/U0/i_synth/COMP_OP.SPD.OP/STRUCT_CMP.B_FRAC_NOT_ZERO_DET/WIDE_NOR/CHAIN_GEN[1].C_MUX.CARRY_MUX_i_1__2        | CLB.LUT.LUT6      |
    | grp_predict_model_Pipeline_3_fu_238/dcmp_64ns_64ns_1_2_no_dsp_1_U8/predict_model_dcmp_64ns_64ns_1_2_no_dsp_1_ip_u/U0/i_synth/COMP_OP.SPD.OP/STRUCT_CMP.B_FRAC_NOT_ZERO_DET/WIDE_NOR/CHAIN_GEN[0].C_MUX.CARRY_MUX_CARRY4_CARRY8 | CLB.CARRY.CARRY8  |
    | grp_predict_model_Pipeline_3_fu_238/dcmp_64ns_64ns_1_2_no_dsp_1_U8/predict_model_dcmp_64ns_64ns_1_2_no_dsp_1_ip_u/U0/i_synth/COMP_OP.SPD.OP/STRUCT_CMP.B_FRAC_NOT_ZERO_DET/WIDE_NOR/CHAIN_GEN[8].C_MUX.CARRY_MUX_CARRY4_CARRY8 | CLB.CARRY.CARRY8  |
    | grp_predict_model_Pipeline_3_fu_238/dcmp_64ns_64ns_1_2_no_dsp_1_U8/predict_model_dcmp_64ns_64ns_1_2_no_dsp_1_ip_u/U0/i_synth/COMP_OP.SPD.OP/STRUCT_CMP.A_EXP_ALL_ONE_DET/CARRY_ZERO_DET/m_axis_result_tdata[0]_INST_0          | CLB.LUT.LUT5      |
    | grp_predict_model_Pipeline_3_fu_238/dcmp_64ns_64ns_1_2_no_dsp_1_U8/p_result_1_fu_50[34]_i_4                                                                                                                                    | CLB.LUT.LUT5      |
    | grp_predict_model_Pipeline_3_fu_238/dcmp_64ns_64ns_1_2_no_dsp_1_U8/p_result_1_fu_50[34]_i_1                                                                                                                                    | CLB.LUT.LUT5      |
    | grp_predict_model_Pipeline_3_fu_238/p_result_1_fu_50_reg[13]                                                                                                                                                                   | REGISTER.SDR.FDRE |
    +--------------------------------------------------------------------------------------------------------------------------------------------------------------------------------------------------------------------------------+-------------------+

    +--------------------------------------------------------------------------------------------------------------------------------------------------------------------------------------------------------------------------------+-------------------+
    | Path3 Cells                                                                                                                                                                                                                    | Primitive Type    |
    +--------------------------------------------------------------------------------------------------------------------------------------------------------------------------------------------------------------------------------+-------------------+
    | grp_predict_model_Pipeline_3_fu_238/dcmp_64ns_64ns_1_2_no_dsp_1_U8/din1_buf1_reg[6]                                                                                                                                            | REGISTER.SDR.FDRE |
    | grp_predict_model_Pipeline_3_fu_238/dcmp_64ns_64ns_1_2_no_dsp_1_U8/predict_model_dcmp_64ns_64ns_1_2_no_dsp_1_ip_u/U0/i_synth/COMP_OP.SPD.OP/STRUCT_CMP.B_FRAC_NOT_ZERO_DET/WIDE_NOR/CHAIN_GEN[1].C_MUX.CARRY_MUX_i_1__2        | CLB.LUT.LUT6      |
    | grp_predict_model_Pipeline_3_fu_238/dcmp_64ns_64ns_1_2_no_dsp_1_U8/predict_model_dcmp_64ns_64ns_1_2_no_dsp_1_ip_u/U0/i_synth/COMP_OP.SPD.OP/STRUCT_CMP.B_FRAC_NOT_ZERO_DET/WIDE_NOR/CHAIN_GEN[0].C_MUX.CARRY_MUX_CARRY4_CARRY8 | CLB.CARRY.CARRY8  |
    | grp_predict_model_Pipeline_3_fu_238/dcmp_64ns_64ns_1_2_no_dsp_1_U8/predict_model_dcmp_64ns_64ns_1_2_no_dsp_1_ip_u/U0/i_synth/COMP_OP.SPD.OP/STRUCT_CMP.B_FRAC_NOT_ZERO_DET/WIDE_NOR/CHAIN_GEN[8].C_MUX.CARRY_MUX_CARRY4_CARRY8 | CLB.CARRY.CARRY8  |
    | grp_predict_model_Pipeline_3_fu_238/dcmp_64ns_64ns_1_2_no_dsp_1_U8/predict_model_dcmp_64ns_64ns_1_2_no_dsp_1_ip_u/U0/i_synth/COMP_OP.SPD.OP/STRUCT_CMP.A_EXP_ALL_ONE_DET/CARRY_ZERO_DET/m_axis_result_tdata[0]_INST_0          | CLB.LUT.LUT5      |
    | grp_predict_model_Pipeline_3_fu_238/dcmp_64ns_64ns_1_2_no_dsp_1_U8/p_result_1_fu_50[34]_i_4                                                                                                                                    | CLB.LUT.LUT5      |
    | grp_predict_model_Pipeline_3_fu_238/dcmp_64ns_64ns_1_2_no_dsp_1_U8/p_result_1_fu_50[34]_i_1                                                                                                                                    | CLB.LUT.LUT5      |
    | grp_predict_model_Pipeline_3_fu_238/p_result_1_fu_50_reg[18]                                                                                                                                                                   | REGISTER.SDR.FDRE |
    | grp_predict_model_Pipeline_3_fu_238/dcmp_64ns_64ns_1_2_no_dsp_1_U8/din1_buf1_reg[6]                                                                                                                                            | REGISTER.SDR.FDRE |
    | grp_predict_model_Pipeline_3_fu_238/dcmp_64ns_64ns_1_2_no_dsp_1_U8/predict_model_dcmp_64ns_64ns_1_2_no_dsp_1_ip_u/U0/i_synth/COMP_OP.SPD.OP/STRUCT_CMP.B_FRAC_NOT_ZERO_DET/WIDE_NOR/CHAIN_GEN[1].C_MUX.CARRY_MUX_i_1__2        | CLB.LUT.LUT6      |
    | grp_predict_model_Pipeline_3_fu_238/dcmp_64ns_64ns_1_2_no_dsp_1_U8/predict_model_dcmp_64ns_64ns_1_2_no_dsp_1_ip_u/U0/i_synth/COMP_OP.SPD.OP/STRUCT_CMP.B_FRAC_NOT_ZERO_DET/WIDE_NOR/CHAIN_GEN[0].C_MUX.CARRY_MUX_CARRY4_CARRY8 | CLB.CARRY.CARRY8  |
    | grp_predict_model_Pipeline_3_fu_238/dcmp_64ns_64ns_1_2_no_dsp_1_U8/predict_model_dcmp_64ns_64ns_1_2_no_dsp_1_ip_u/U0/i_synth/COMP_OP.SPD.OP/STRUCT_CMP.B_FRAC_NOT_ZERO_DET/WIDE_NOR/CHAIN_GEN[8].C_MUX.CARRY_MUX_CARRY4_CARRY8 | CLB.CARRY.CARRY8  |
    | grp_predict_model_Pipeline_3_fu_238/dcmp_64ns_64ns_1_2_no_dsp_1_U8/predict_model_dcmp_64ns_64ns_1_2_no_dsp_1_ip_u/U0/i_synth/COMP_OP.SPD.OP/STRUCT_CMP.A_EXP_ALL_ONE_DET/CARRY_ZERO_DET/m_axis_result_tdata[0]_INST_0          | CLB.LUT.LUT5      |
    | grp_predict_model_Pipeline_3_fu_238/dcmp_64ns_64ns_1_2_no_dsp_1_U8/p_result_1_fu_50[34]_i_4                                                                                                                                    | CLB.LUT.LUT5      |
    | grp_predict_model_Pipeline_3_fu_238/dcmp_64ns_64ns_1_2_no_dsp_1_U8/p_result_1_fu_50[34]_i_1                                                                                                                                    | CLB.LUT.LUT5      |
    | grp_predict_model_Pipeline_3_fu_238/p_result_1_fu_50_reg[28]                                                                                                                                                                   | REGISTER.SDR.FDRE |
    | grp_predict_model_Pipeline_3_fu_238/dcmp_64ns_64ns_1_2_no_dsp_1_U8/din1_buf1_reg[6]                                                                                                                                            | REGISTER.SDR.FDRE |
    | grp_predict_model_Pipeline_3_fu_238/dcmp_64ns_64ns_1_2_no_dsp_1_U8/predict_model_dcmp_64ns_64ns_1_2_no_dsp_1_ip_u/U0/i_synth/COMP_OP.SPD.OP/STRUCT_CMP.B_FRAC_NOT_ZERO_DET/WIDE_NOR/CHAIN_GEN[1].C_MUX.CARRY_MUX_i_1__2        | CLB.LUT.LUT6      |
    | grp_predict_model_Pipeline_3_fu_238/dcmp_64ns_64ns_1_2_no_dsp_1_U8/predict_model_dcmp_64ns_64ns_1_2_no_dsp_1_ip_u/U0/i_synth/COMP_OP.SPD.OP/STRUCT_CMP.B_FRAC_NOT_ZERO_DET/WIDE_NOR/CHAIN_GEN[0].C_MUX.CARRY_MUX_CARRY4_CARRY8 | CLB.CARRY.CARRY8  |
    | grp_predict_model_Pipeline_3_fu_238/dcmp_64ns_64ns_1_2_no_dsp_1_U8/predict_model_dcmp_64ns_64ns_1_2_no_dsp_1_ip_u/U0/i_synth/COMP_OP.SPD.OP/STRUCT_CMP.B_FRAC_NOT_ZERO_DET/WIDE_NOR/CHAIN_GEN[8].C_MUX.CARRY_MUX_CARRY4_CARRY8 | CLB.CARRY.CARRY8  |
    | grp_predict_model_Pipeline_3_fu_238/dcmp_64ns_64ns_1_2_no_dsp_1_U8/predict_model_dcmp_64ns_64ns_1_2_no_dsp_1_ip_u/U0/i_synth/COMP_OP.SPD.OP/STRUCT_CMP.A_EXP_ALL_ONE_DET/CARRY_ZERO_DET/m_axis_result_tdata[0]_INST_0          | CLB.LUT.LUT5      |
    | grp_predict_model_Pipeline_3_fu_238/dcmp_64ns_64ns_1_2_no_dsp_1_U8/p_result_1_fu_50[34]_i_4                                                                                                                                    | CLB.LUT.LUT5      |
    | grp_predict_model_Pipeline_3_fu_238/dcmp_64ns_64ns_1_2_no_dsp_1_U8/p_result_1_fu_50[34]_i_1                                                                                                                                    | CLB.LUT.LUT5      |
    | grp_predict_model_Pipeline_3_fu_238/p_result_1_fu_50_reg[29]                                                                                                                                                                   | REGISTER.SDR.FDRE |
    | grp_predict_model_Pipeline_3_fu_238/dcmp_64ns_64ns_1_2_no_dsp_1_U8/din1_buf1_reg[6]                                                                                                                                            | REGISTER.SDR.FDRE |
    | grp_predict_model_Pipeline_3_fu_238/dcmp_64ns_64ns_1_2_no_dsp_1_U8/predict_model_dcmp_64ns_64ns_1_2_no_dsp_1_ip_u/U0/i_synth/COMP_OP.SPD.OP/STRUCT_CMP.B_FRAC_NOT_ZERO_DET/WIDE_NOR/CHAIN_GEN[1].C_MUX.CARRY_MUX_i_1__2        | CLB.LUT.LUT6      |
    | grp_predict_model_Pipeline_3_fu_238/dcmp_64ns_64ns_1_2_no_dsp_1_U8/predict_model_dcmp_64ns_64ns_1_2_no_dsp_1_ip_u/U0/i_synth/COMP_OP.SPD.OP/STRUCT_CMP.B_FRAC_NOT_ZERO_DET/WIDE_NOR/CHAIN_GEN[0].C_MUX.CARRY_MUX_CARRY4_CARRY8 | CLB.CARRY.CARRY8  |
    | grp_predict_model_Pipeline_3_fu_238/dcmp_64ns_64ns_1_2_no_dsp_1_U8/predict_model_dcmp_64ns_64ns_1_2_no_dsp_1_ip_u/U0/i_synth/COMP_OP.SPD.OP/STRUCT_CMP.B_FRAC_NOT_ZERO_DET/WIDE_NOR/CHAIN_GEN[8].C_MUX.CARRY_MUX_CARRY4_CARRY8 | CLB.CARRY.CARRY8  |
    | grp_predict_model_Pipeline_3_fu_238/dcmp_64ns_64ns_1_2_no_dsp_1_U8/predict_model_dcmp_64ns_64ns_1_2_no_dsp_1_ip_u/U0/i_synth/COMP_OP.SPD.OP/STRUCT_CMP.A_EXP_ALL_ONE_DET/CARRY_ZERO_DET/m_axis_result_tdata[0]_INST_0          | CLB.LUT.LUT5      |
    | grp_predict_model_Pipeline_3_fu_238/dcmp_64ns_64ns_1_2_no_dsp_1_U8/p_result_1_fu_50[34]_i_4                                                                                                                                    | CLB.LUT.LUT5      |
    | grp_predict_model_Pipeline_3_fu_238/dcmp_64ns_64ns_1_2_no_dsp_1_U8/p_result_1_fu_50[34]_i_1                                                                                                                                    | CLB.LUT.LUT5      |
    | grp_predict_model_Pipeline_3_fu_238/p_result_1_fu_50_reg[9]                                                                                                                                                                    | REGISTER.SDR.FDRE |
    | grp_predict_model_Pipeline_3_fu_238/dcmp_64ns_64ns_1_2_no_dsp_1_U8/din1_buf1_reg[6]                                                                                                                                            | REGISTER.SDR.FDRE |
    | grp_predict_model_Pipeline_3_fu_238/dcmp_64ns_64ns_1_2_no_dsp_1_U8/predict_model_dcmp_64ns_64ns_1_2_no_dsp_1_ip_u/U0/i_synth/COMP_OP.SPD.OP/STRUCT_CMP.B_FRAC_NOT_ZERO_DET/WIDE_NOR/CHAIN_GEN[1].C_MUX.CARRY_MUX_i_1__2        | CLB.LUT.LUT6      |
    | grp_predict_model_Pipeline_3_fu_238/dcmp_64ns_64ns_1_2_no_dsp_1_U8/predict_model_dcmp_64ns_64ns_1_2_no_dsp_1_ip_u/U0/i_synth/COMP_OP.SPD.OP/STRUCT_CMP.B_FRAC_NOT_ZERO_DET/WIDE_NOR/CHAIN_GEN[0].C_MUX.CARRY_MUX_CARRY4_CARRY8 | CLB.CARRY.CARRY8  |
    | grp_predict_model_Pipeline_3_fu_238/dcmp_64ns_64ns_1_2_no_dsp_1_U8/predict_model_dcmp_64ns_64ns_1_2_no_dsp_1_ip_u/U0/i_synth/COMP_OP.SPD.OP/STRUCT_CMP.B_FRAC_NOT_ZERO_DET/WIDE_NOR/CHAIN_GEN[8].C_MUX.CARRY_MUX_CARRY4_CARRY8 | CLB.CARRY.CARRY8  |
    | grp_predict_model_Pipeline_3_fu_238/dcmp_64ns_64ns_1_2_no_dsp_1_U8/predict_model_dcmp_64ns_64ns_1_2_no_dsp_1_ip_u/U0/i_synth/COMP_OP.SPD.OP/STRUCT_CMP.A_EXP_ALL_ONE_DET/CARRY_ZERO_DET/m_axis_result_tdata[0]_INST_0          | CLB.LUT.LUT5      |
    | grp_predict_model_Pipeline_3_fu_238/dcmp_64ns_64ns_1_2_no_dsp_1_U8/p_result_1_fu_50[34]_i_4                                                                                                                                    | CLB.LUT.LUT5      |
    | grp_predict_model_Pipeline_3_fu_238/dcmp_64ns_64ns_1_2_no_dsp_1_U8/p_result_1_fu_50[34]_i_1                                                                                                                                    | CLB.LUT.LUT5      |
    | grp_predict_model_Pipeline_3_fu_238/p_result_1_fu_50_reg[13]                                                                                                                                                                   | REGISTER.SDR.FDRE |
    +--------------------------------------------------------------------------------------------------------------------------------------------------------------------------------------------------------------------------------+-------------------+

    +--------------------------------------------------------------------------------------------------------------------------------------------------------------------------------------------------------------------------------+-------------------+
    | Path4 Cells                                                                                                                                                                                                                    | Primitive Type    |
    +--------------------------------------------------------------------------------------------------------------------------------------------------------------------------------------------------------------------------------+-------------------+
    | grp_predict_model_Pipeline_3_fu_238/dcmp_64ns_64ns_1_2_no_dsp_1_U8/din1_buf1_reg[6]                                                                                                                                            | REGISTER.SDR.FDRE |
    | grp_predict_model_Pipeline_3_fu_238/dcmp_64ns_64ns_1_2_no_dsp_1_U8/predict_model_dcmp_64ns_64ns_1_2_no_dsp_1_ip_u/U0/i_synth/COMP_OP.SPD.OP/STRUCT_CMP.B_FRAC_NOT_ZERO_DET/WIDE_NOR/CHAIN_GEN[1].C_MUX.CARRY_MUX_i_1__2        | CLB.LUT.LUT6      |
    | grp_predict_model_Pipeline_3_fu_238/dcmp_64ns_64ns_1_2_no_dsp_1_U8/predict_model_dcmp_64ns_64ns_1_2_no_dsp_1_ip_u/U0/i_synth/COMP_OP.SPD.OP/STRUCT_CMP.B_FRAC_NOT_ZERO_DET/WIDE_NOR/CHAIN_GEN[0].C_MUX.CARRY_MUX_CARRY4_CARRY8 | CLB.CARRY.CARRY8  |
    | grp_predict_model_Pipeline_3_fu_238/dcmp_64ns_64ns_1_2_no_dsp_1_U8/predict_model_dcmp_64ns_64ns_1_2_no_dsp_1_ip_u/U0/i_synth/COMP_OP.SPD.OP/STRUCT_CMP.B_FRAC_NOT_ZERO_DET/WIDE_NOR/CHAIN_GEN[8].C_MUX.CARRY_MUX_CARRY4_CARRY8 | CLB.CARRY.CARRY8  |
    | grp_predict_model_Pipeline_3_fu_238/dcmp_64ns_64ns_1_2_no_dsp_1_U8/predict_model_dcmp_64ns_64ns_1_2_no_dsp_1_ip_u/U0/i_synth/COMP_OP.SPD.OP/STRUCT_CMP.A_EXP_ALL_ONE_DET/CARRY_ZERO_DET/m_axis_result_tdata[0]_INST_0          | CLB.LUT.LUT5      |
    | grp_predict_model_Pipeline_3_fu_238/dcmp_64ns_64ns_1_2_no_dsp_1_U8/p_result_1_fu_50[34]_i_4                                                                                                                                    | CLB.LUT.LUT5      |
    | grp_predict_model_Pipeline_3_fu_238/dcmp_64ns_64ns_1_2_no_dsp_1_U8/p_result_1_fu_50[34]_i_1                                                                                                                                    | CLB.LUT.LUT5      |
    | grp_predict_model_Pipeline_3_fu_238/p_result_1_fu_50_reg[18]                                                                                                                                                                   | REGISTER.SDR.FDRE |
    | grp_predict_model_Pipeline_3_fu_238/dcmp_64ns_64ns_1_2_no_dsp_1_U8/din1_buf1_reg[6]                                                                                                                                            | REGISTER.SDR.FDRE |
    | grp_predict_model_Pipeline_3_fu_238/dcmp_64ns_64ns_1_2_no_dsp_1_U8/predict_model_dcmp_64ns_64ns_1_2_no_dsp_1_ip_u/U0/i_synth/COMP_OP.SPD.OP/STRUCT_CMP.B_FRAC_NOT_ZERO_DET/WIDE_NOR/CHAIN_GEN[1].C_MUX.CARRY_MUX_i_1__2        | CLB.LUT.LUT6      |
    | grp_predict_model_Pipeline_3_fu_238/dcmp_64ns_64ns_1_2_no_dsp_1_U8/predict_model_dcmp_64ns_64ns_1_2_no_dsp_1_ip_u/U0/i_synth/COMP_OP.SPD.OP/STRUCT_CMP.B_FRAC_NOT_ZERO_DET/WIDE_NOR/CHAIN_GEN[0].C_MUX.CARRY_MUX_CARRY4_CARRY8 | CLB.CARRY.CARRY8  |
    | grp_predict_model_Pipeline_3_fu_238/dcmp_64ns_64ns_1_2_no_dsp_1_U8/predict_model_dcmp_64ns_64ns_1_2_no_dsp_1_ip_u/U0/i_synth/COMP_OP.SPD.OP/STRUCT_CMP.B_FRAC_NOT_ZERO_DET/WIDE_NOR/CHAIN_GEN[8].C_MUX.CARRY_MUX_CARRY4_CARRY8 | CLB.CARRY.CARRY8  |
    | grp_predict_model_Pipeline_3_fu_238/dcmp_64ns_64ns_1_2_no_dsp_1_U8/predict_model_dcmp_64ns_64ns_1_2_no_dsp_1_ip_u/U0/i_synth/COMP_OP.SPD.OP/STRUCT_CMP.A_EXP_ALL_ONE_DET/CARRY_ZERO_DET/m_axis_result_tdata[0]_INST_0          | CLB.LUT.LUT5      |
    | grp_predict_model_Pipeline_3_fu_238/dcmp_64ns_64ns_1_2_no_dsp_1_U8/p_result_1_fu_50[34]_i_4                                                                                                                                    | CLB.LUT.LUT5      |
    | grp_predict_model_Pipeline_3_fu_238/dcmp_64ns_64ns_1_2_no_dsp_1_U8/p_result_1_fu_50[34]_i_1                                                                                                                                    | CLB.LUT.LUT5      |
    | grp_predict_model_Pipeline_3_fu_238/p_result_1_fu_50_reg[28]                                                                                                                                                                   | REGISTER.SDR.FDRE |
    | grp_predict_model_Pipeline_3_fu_238/dcmp_64ns_64ns_1_2_no_dsp_1_U8/din1_buf1_reg[6]                                                                                                                                            | REGISTER.SDR.FDRE |
    | grp_predict_model_Pipeline_3_fu_238/dcmp_64ns_64ns_1_2_no_dsp_1_U8/predict_model_dcmp_64ns_64ns_1_2_no_dsp_1_ip_u/U0/i_synth/COMP_OP.SPD.OP/STRUCT_CMP.B_FRAC_NOT_ZERO_DET/WIDE_NOR/CHAIN_GEN[1].C_MUX.CARRY_MUX_i_1__2        | CLB.LUT.LUT6      |
    | grp_predict_model_Pipeline_3_fu_238/dcmp_64ns_64ns_1_2_no_dsp_1_U8/predict_model_dcmp_64ns_64ns_1_2_no_dsp_1_ip_u/U0/i_synth/COMP_OP.SPD.OP/STRUCT_CMP.B_FRAC_NOT_ZERO_DET/WIDE_NOR/CHAIN_GEN[0].C_MUX.CARRY_MUX_CARRY4_CARRY8 | CLB.CARRY.CARRY8  |
    | grp_predict_model_Pipeline_3_fu_238/dcmp_64ns_64ns_1_2_no_dsp_1_U8/predict_model_dcmp_64ns_64ns_1_2_no_dsp_1_ip_u/U0/i_synth/COMP_OP.SPD.OP/STRUCT_CMP.B_FRAC_NOT_ZERO_DET/WIDE_NOR/CHAIN_GEN[8].C_MUX.CARRY_MUX_CARRY4_CARRY8 | CLB.CARRY.CARRY8  |
    | grp_predict_model_Pipeline_3_fu_238/dcmp_64ns_64ns_1_2_no_dsp_1_U8/predict_model_dcmp_64ns_64ns_1_2_no_dsp_1_ip_u/U0/i_synth/COMP_OP.SPD.OP/STRUCT_CMP.A_EXP_ALL_ONE_DET/CARRY_ZERO_DET/m_axis_result_tdata[0]_INST_0          | CLB.LUT.LUT5      |
    | grp_predict_model_Pipeline_3_fu_238/dcmp_64ns_64ns_1_2_no_dsp_1_U8/p_result_1_fu_50[34]_i_4                                                                                                                                    | CLB.LUT.LUT5      |
    | grp_predict_model_Pipeline_3_fu_238/dcmp_64ns_64ns_1_2_no_dsp_1_U8/p_result_1_fu_50[34]_i_1                                                                                                                                    | CLB.LUT.LUT5      |
    | grp_predict_model_Pipeline_3_fu_238/p_result_1_fu_50_reg[29]                                                                                                                                                                   | REGISTER.SDR.FDRE |
    | grp_predict_model_Pipeline_3_fu_238/dcmp_64ns_64ns_1_2_no_dsp_1_U8/din1_buf1_reg[6]                                                                                                                                            | REGISTER.SDR.FDRE |
    | grp_predict_model_Pipeline_3_fu_238/dcmp_64ns_64ns_1_2_no_dsp_1_U8/predict_model_dcmp_64ns_64ns_1_2_no_dsp_1_ip_u/U0/i_synth/COMP_OP.SPD.OP/STRUCT_CMP.B_FRAC_NOT_ZERO_DET/WIDE_NOR/CHAIN_GEN[1].C_MUX.CARRY_MUX_i_1__2        | CLB.LUT.LUT6      |
    | grp_predict_model_Pipeline_3_fu_238/dcmp_64ns_64ns_1_2_no_dsp_1_U8/predict_model_dcmp_64ns_64ns_1_2_no_dsp_1_ip_u/U0/i_synth/COMP_OP.SPD.OP/STRUCT_CMP.B_FRAC_NOT_ZERO_DET/WIDE_NOR/CHAIN_GEN[0].C_MUX.CARRY_MUX_CARRY4_CARRY8 | CLB.CARRY.CARRY8  |
    | grp_predict_model_Pipeline_3_fu_238/dcmp_64ns_64ns_1_2_no_dsp_1_U8/predict_model_dcmp_64ns_64ns_1_2_no_dsp_1_ip_u/U0/i_synth/COMP_OP.SPD.OP/STRUCT_CMP.B_FRAC_NOT_ZERO_DET/WIDE_NOR/CHAIN_GEN[8].C_MUX.CARRY_MUX_CARRY4_CARRY8 | CLB.CARRY.CARRY8  |
    | grp_predict_model_Pipeline_3_fu_238/dcmp_64ns_64ns_1_2_no_dsp_1_U8/predict_model_dcmp_64ns_64ns_1_2_no_dsp_1_ip_u/U0/i_synth/COMP_OP.SPD.OP/STRUCT_CMP.A_EXP_ALL_ONE_DET/CARRY_ZERO_DET/m_axis_result_tdata[0]_INST_0          | CLB.LUT.LUT5      |
    | grp_predict_model_Pipeline_3_fu_238/dcmp_64ns_64ns_1_2_no_dsp_1_U8/p_result_1_fu_50[34]_i_4                                                                                                                                    | CLB.LUT.LUT5      |
    | grp_predict_model_Pipeline_3_fu_238/dcmp_64ns_64ns_1_2_no_dsp_1_U8/p_result_1_fu_50[34]_i_1                                                                                                                                    | CLB.LUT.LUT5      |
    | grp_predict_model_Pipeline_3_fu_238/p_result_1_fu_50_reg[9]                                                                                                                                                                    | REGISTER.SDR.FDRE |
    | grp_predict_model_Pipeline_3_fu_238/dcmp_64ns_64ns_1_2_no_dsp_1_U8/din1_buf1_reg[6]                                                                                                                                            | REGISTER.SDR.FDRE |
    | grp_predict_model_Pipeline_3_fu_238/dcmp_64ns_64ns_1_2_no_dsp_1_U8/predict_model_dcmp_64ns_64ns_1_2_no_dsp_1_ip_u/U0/i_synth/COMP_OP.SPD.OP/STRUCT_CMP.B_FRAC_NOT_ZERO_DET/WIDE_NOR/CHAIN_GEN[1].C_MUX.CARRY_MUX_i_1__2        | CLB.LUT.LUT6      |
    | grp_predict_model_Pipeline_3_fu_238/dcmp_64ns_64ns_1_2_no_dsp_1_U8/predict_model_dcmp_64ns_64ns_1_2_no_dsp_1_ip_u/U0/i_synth/COMP_OP.SPD.OP/STRUCT_CMP.B_FRAC_NOT_ZERO_DET/WIDE_NOR/CHAIN_GEN[0].C_MUX.CARRY_MUX_CARRY4_CARRY8 | CLB.CARRY.CARRY8  |
    | grp_predict_model_Pipeline_3_fu_238/dcmp_64ns_64ns_1_2_no_dsp_1_U8/predict_model_dcmp_64ns_64ns_1_2_no_dsp_1_ip_u/U0/i_synth/COMP_OP.SPD.OP/STRUCT_CMP.B_FRAC_NOT_ZERO_DET/WIDE_NOR/CHAIN_GEN[8].C_MUX.CARRY_MUX_CARRY4_CARRY8 | CLB.CARRY.CARRY8  |
    | grp_predict_model_Pipeline_3_fu_238/dcmp_64ns_64ns_1_2_no_dsp_1_U8/predict_model_dcmp_64ns_64ns_1_2_no_dsp_1_ip_u/U0/i_synth/COMP_OP.SPD.OP/STRUCT_CMP.A_EXP_ALL_ONE_DET/CARRY_ZERO_DET/m_axis_result_tdata[0]_INST_0          | CLB.LUT.LUT5      |
    | grp_predict_model_Pipeline_3_fu_238/dcmp_64ns_64ns_1_2_no_dsp_1_U8/p_result_1_fu_50[34]_i_4                                                                                                                                    | CLB.LUT.LUT5      |
    | grp_predict_model_Pipeline_3_fu_238/dcmp_64ns_64ns_1_2_no_dsp_1_U8/p_result_1_fu_50[34]_i_1                                                                                                                                    | CLB.LUT.LUT5      |
    | grp_predict_model_Pipeline_3_fu_238/p_result_1_fu_50_reg[13]                                                                                                                                                                   | REGISTER.SDR.FDRE |
    +--------------------------------------------------------------------------------------------------------------------------------------------------------------------------------------------------------------------------------+-------------------+

    +--------------------------------------------------------------------------------------------------------------------------------------------------------------------------------------------------------------------------------+-------------------+
    | Path5 Cells                                                                                                                                                                                                                    | Primitive Type    |
    +--------------------------------------------------------------------------------------------------------------------------------------------------------------------------------------------------------------------------------+-------------------+
    | grp_predict_model_Pipeline_3_fu_238/dcmp_64ns_64ns_1_2_no_dsp_1_U8/din1_buf1_reg[6]                                                                                                                                            | REGISTER.SDR.FDRE |
    | grp_predict_model_Pipeline_3_fu_238/dcmp_64ns_64ns_1_2_no_dsp_1_U8/predict_model_dcmp_64ns_64ns_1_2_no_dsp_1_ip_u/U0/i_synth/COMP_OP.SPD.OP/STRUCT_CMP.B_FRAC_NOT_ZERO_DET/WIDE_NOR/CHAIN_GEN[1].C_MUX.CARRY_MUX_i_1__2        | CLB.LUT.LUT6      |
    | grp_predict_model_Pipeline_3_fu_238/dcmp_64ns_64ns_1_2_no_dsp_1_U8/predict_model_dcmp_64ns_64ns_1_2_no_dsp_1_ip_u/U0/i_synth/COMP_OP.SPD.OP/STRUCT_CMP.B_FRAC_NOT_ZERO_DET/WIDE_NOR/CHAIN_GEN[0].C_MUX.CARRY_MUX_CARRY4_CARRY8 | CLB.CARRY.CARRY8  |
    | grp_predict_model_Pipeline_3_fu_238/dcmp_64ns_64ns_1_2_no_dsp_1_U8/predict_model_dcmp_64ns_64ns_1_2_no_dsp_1_ip_u/U0/i_synth/COMP_OP.SPD.OP/STRUCT_CMP.B_FRAC_NOT_ZERO_DET/WIDE_NOR/CHAIN_GEN[8].C_MUX.CARRY_MUX_CARRY4_CARRY8 | CLB.CARRY.CARRY8  |
    | grp_predict_model_Pipeline_3_fu_238/dcmp_64ns_64ns_1_2_no_dsp_1_U8/predict_model_dcmp_64ns_64ns_1_2_no_dsp_1_ip_u/U0/i_synth/COMP_OP.SPD.OP/STRUCT_CMP.A_EXP_ALL_ONE_DET/CARRY_ZERO_DET/m_axis_result_tdata[0]_INST_0          | CLB.LUT.LUT5      |
    | grp_predict_model_Pipeline_3_fu_238/dcmp_64ns_64ns_1_2_no_dsp_1_U8/p_result_1_fu_50[34]_i_4                                                                                                                                    | CLB.LUT.LUT5      |
    | grp_predict_model_Pipeline_3_fu_238/dcmp_64ns_64ns_1_2_no_dsp_1_U8/p_result_1_fu_50[34]_i_1                                                                                                                                    | CLB.LUT.LUT5      |
    | grp_predict_model_Pipeline_3_fu_238/p_result_1_fu_50_reg[18]                                                                                                                                                                   | REGISTER.SDR.FDRE |
    | grp_predict_model_Pipeline_3_fu_238/dcmp_64ns_64ns_1_2_no_dsp_1_U8/din1_buf1_reg[6]                                                                                                                                            | REGISTER.SDR.FDRE |
    | grp_predict_model_Pipeline_3_fu_238/dcmp_64ns_64ns_1_2_no_dsp_1_U8/predict_model_dcmp_64ns_64ns_1_2_no_dsp_1_ip_u/U0/i_synth/COMP_OP.SPD.OP/STRUCT_CMP.B_FRAC_NOT_ZERO_DET/WIDE_NOR/CHAIN_GEN[1].C_MUX.CARRY_MUX_i_1__2        | CLB.LUT.LUT6      |
    | grp_predict_model_Pipeline_3_fu_238/dcmp_64ns_64ns_1_2_no_dsp_1_U8/predict_model_dcmp_64ns_64ns_1_2_no_dsp_1_ip_u/U0/i_synth/COMP_OP.SPD.OP/STRUCT_CMP.B_FRAC_NOT_ZERO_DET/WIDE_NOR/CHAIN_GEN[0].C_MUX.CARRY_MUX_CARRY4_CARRY8 | CLB.CARRY.CARRY8  |
    | grp_predict_model_Pipeline_3_fu_238/dcmp_64ns_64ns_1_2_no_dsp_1_U8/predict_model_dcmp_64ns_64ns_1_2_no_dsp_1_ip_u/U0/i_synth/COMP_OP.SPD.OP/STRUCT_CMP.B_FRAC_NOT_ZERO_DET/WIDE_NOR/CHAIN_GEN[8].C_MUX.CARRY_MUX_CARRY4_CARRY8 | CLB.CARRY.CARRY8  |
    | grp_predict_model_Pipeline_3_fu_238/dcmp_64ns_64ns_1_2_no_dsp_1_U8/predict_model_dcmp_64ns_64ns_1_2_no_dsp_1_ip_u/U0/i_synth/COMP_OP.SPD.OP/STRUCT_CMP.A_EXP_ALL_ONE_DET/CARRY_ZERO_DET/m_axis_result_tdata[0]_INST_0          | CLB.LUT.LUT5      |
    | grp_predict_model_Pipeline_3_fu_238/dcmp_64ns_64ns_1_2_no_dsp_1_U8/p_result_1_fu_50[34]_i_4                                                                                                                                    | CLB.LUT.LUT5      |
    | grp_predict_model_Pipeline_3_fu_238/dcmp_64ns_64ns_1_2_no_dsp_1_U8/p_result_1_fu_50[34]_i_1                                                                                                                                    | CLB.LUT.LUT5      |
    | grp_predict_model_Pipeline_3_fu_238/p_result_1_fu_50_reg[28]                                                                                                                                                                   | REGISTER.SDR.FDRE |
    | grp_predict_model_Pipeline_3_fu_238/dcmp_64ns_64ns_1_2_no_dsp_1_U8/din1_buf1_reg[6]                                                                                                                                            | REGISTER.SDR.FDRE |
    | grp_predict_model_Pipeline_3_fu_238/dcmp_64ns_64ns_1_2_no_dsp_1_U8/predict_model_dcmp_64ns_64ns_1_2_no_dsp_1_ip_u/U0/i_synth/COMP_OP.SPD.OP/STRUCT_CMP.B_FRAC_NOT_ZERO_DET/WIDE_NOR/CHAIN_GEN[1].C_MUX.CARRY_MUX_i_1__2        | CLB.LUT.LUT6      |
    | grp_predict_model_Pipeline_3_fu_238/dcmp_64ns_64ns_1_2_no_dsp_1_U8/predict_model_dcmp_64ns_64ns_1_2_no_dsp_1_ip_u/U0/i_synth/COMP_OP.SPD.OP/STRUCT_CMP.B_FRAC_NOT_ZERO_DET/WIDE_NOR/CHAIN_GEN[0].C_MUX.CARRY_MUX_CARRY4_CARRY8 | CLB.CARRY.CARRY8  |
    | grp_predict_model_Pipeline_3_fu_238/dcmp_64ns_64ns_1_2_no_dsp_1_U8/predict_model_dcmp_64ns_64ns_1_2_no_dsp_1_ip_u/U0/i_synth/COMP_OP.SPD.OP/STRUCT_CMP.B_FRAC_NOT_ZERO_DET/WIDE_NOR/CHAIN_GEN[8].C_MUX.CARRY_MUX_CARRY4_CARRY8 | CLB.CARRY.CARRY8  |
    | grp_predict_model_Pipeline_3_fu_238/dcmp_64ns_64ns_1_2_no_dsp_1_U8/predict_model_dcmp_64ns_64ns_1_2_no_dsp_1_ip_u/U0/i_synth/COMP_OP.SPD.OP/STRUCT_CMP.A_EXP_ALL_ONE_DET/CARRY_ZERO_DET/m_axis_result_tdata[0]_INST_0          | CLB.LUT.LUT5      |
    | grp_predict_model_Pipeline_3_fu_238/dcmp_64ns_64ns_1_2_no_dsp_1_U8/p_result_1_fu_50[34]_i_4                                                                                                                                    | CLB.LUT.LUT5      |
    | grp_predict_model_Pipeline_3_fu_238/dcmp_64ns_64ns_1_2_no_dsp_1_U8/p_result_1_fu_50[34]_i_1                                                                                                                                    | CLB.LUT.LUT5      |
    | grp_predict_model_Pipeline_3_fu_238/p_result_1_fu_50_reg[29]                                                                                                                                                                   | REGISTER.SDR.FDRE |
    | grp_predict_model_Pipeline_3_fu_238/dcmp_64ns_64ns_1_2_no_dsp_1_U8/din1_buf1_reg[6]                                                                                                                                            | REGISTER.SDR.FDRE |
    | grp_predict_model_Pipeline_3_fu_238/dcmp_64ns_64ns_1_2_no_dsp_1_U8/predict_model_dcmp_64ns_64ns_1_2_no_dsp_1_ip_u/U0/i_synth/COMP_OP.SPD.OP/STRUCT_CMP.B_FRAC_NOT_ZERO_DET/WIDE_NOR/CHAIN_GEN[1].C_MUX.CARRY_MUX_i_1__2        | CLB.LUT.LUT6      |
    | grp_predict_model_Pipeline_3_fu_238/dcmp_64ns_64ns_1_2_no_dsp_1_U8/predict_model_dcmp_64ns_64ns_1_2_no_dsp_1_ip_u/U0/i_synth/COMP_OP.SPD.OP/STRUCT_CMP.B_FRAC_NOT_ZERO_DET/WIDE_NOR/CHAIN_GEN[0].C_MUX.CARRY_MUX_CARRY4_CARRY8 | CLB.CARRY.CARRY8  |
    | grp_predict_model_Pipeline_3_fu_238/dcmp_64ns_64ns_1_2_no_dsp_1_U8/predict_model_dcmp_64ns_64ns_1_2_no_dsp_1_ip_u/U0/i_synth/COMP_OP.SPD.OP/STRUCT_CMP.B_FRAC_NOT_ZERO_DET/WIDE_NOR/CHAIN_GEN[8].C_MUX.CARRY_MUX_CARRY4_CARRY8 | CLB.CARRY.CARRY8  |
    | grp_predict_model_Pipeline_3_fu_238/dcmp_64ns_64ns_1_2_no_dsp_1_U8/predict_model_dcmp_64ns_64ns_1_2_no_dsp_1_ip_u/U0/i_synth/COMP_OP.SPD.OP/STRUCT_CMP.A_EXP_ALL_ONE_DET/CARRY_ZERO_DET/m_axis_result_tdata[0]_INST_0          | CLB.LUT.LUT5      |
    | grp_predict_model_Pipeline_3_fu_238/dcmp_64ns_64ns_1_2_no_dsp_1_U8/p_result_1_fu_50[34]_i_4                                                                                                                                    | CLB.LUT.LUT5      |
    | grp_predict_model_Pipeline_3_fu_238/dcmp_64ns_64ns_1_2_no_dsp_1_U8/p_result_1_fu_50[34]_i_1                                                                                                                                    | CLB.LUT.LUT5      |
    | grp_predict_model_Pipeline_3_fu_238/p_result_1_fu_50_reg[9]                                                                                                                                                                    | REGISTER.SDR.FDRE |
    | grp_predict_model_Pipeline_3_fu_238/dcmp_64ns_64ns_1_2_no_dsp_1_U8/din1_buf1_reg[6]                                                                                                                                            | REGISTER.SDR.FDRE |
    | grp_predict_model_Pipeline_3_fu_238/dcmp_64ns_64ns_1_2_no_dsp_1_U8/predict_model_dcmp_64ns_64ns_1_2_no_dsp_1_ip_u/U0/i_synth/COMP_OP.SPD.OP/STRUCT_CMP.B_FRAC_NOT_ZERO_DET/WIDE_NOR/CHAIN_GEN[1].C_MUX.CARRY_MUX_i_1__2        | CLB.LUT.LUT6      |
    | grp_predict_model_Pipeline_3_fu_238/dcmp_64ns_64ns_1_2_no_dsp_1_U8/predict_model_dcmp_64ns_64ns_1_2_no_dsp_1_ip_u/U0/i_synth/COMP_OP.SPD.OP/STRUCT_CMP.B_FRAC_NOT_ZERO_DET/WIDE_NOR/CHAIN_GEN[0].C_MUX.CARRY_MUX_CARRY4_CARRY8 | CLB.CARRY.CARRY8  |
    | grp_predict_model_Pipeline_3_fu_238/dcmp_64ns_64ns_1_2_no_dsp_1_U8/predict_model_dcmp_64ns_64ns_1_2_no_dsp_1_ip_u/U0/i_synth/COMP_OP.SPD.OP/STRUCT_CMP.B_FRAC_NOT_ZERO_DET/WIDE_NOR/CHAIN_GEN[8].C_MUX.CARRY_MUX_CARRY4_CARRY8 | CLB.CARRY.CARRY8  |
    | grp_predict_model_Pipeline_3_fu_238/dcmp_64ns_64ns_1_2_no_dsp_1_U8/predict_model_dcmp_64ns_64ns_1_2_no_dsp_1_ip_u/U0/i_synth/COMP_OP.SPD.OP/STRUCT_CMP.A_EXP_ALL_ONE_DET/CARRY_ZERO_DET/m_axis_result_tdata[0]_INST_0          | CLB.LUT.LUT5      |
    | grp_predict_model_Pipeline_3_fu_238/dcmp_64ns_64ns_1_2_no_dsp_1_U8/p_result_1_fu_50[34]_i_4                                                                                                                                    | CLB.LUT.LUT5      |
    | grp_predict_model_Pipeline_3_fu_238/dcmp_64ns_64ns_1_2_no_dsp_1_U8/p_result_1_fu_50[34]_i_1                                                                                                                                    | CLB.LUT.LUT5      |
    | grp_predict_model_Pipeline_3_fu_238/p_result_1_fu_50_reg[13]                                                                                                                                                                   | REGISTER.SDR.FDRE |
    +--------------------------------------------------------------------------------------------------------------------------------------------------------------------------------------------------------------------------------+-------------------+


================================================================
== Place & Route Vivado Reports
================================================================
+--------------------------+-----------------------------------------------------------------------+
| Report Type              | Report Location                                                       |
+--------------------------+-----------------------------------------------------------------------+
| design_analysis          | impl/verilog/report/predict_model_design_analysis_routed.rpt          |
| failfast                 | impl/verilog/report/predict_model_failfast_routed.rpt                 |
| power                    | impl/verilog/report/predict_model_power_routed.rpt                    |
| status                   | impl/verilog/report/predict_model_status_routed.rpt                   |
| timing                   | impl/verilog/report/predict_model_timing_routed.rpt                   |
| timing_paths             | impl/verilog/report/predict_model_timing_paths_routed.rpt             |
| utilization              | impl/verilog/report/predict_model_utilization_routed.rpt              |
| utilization_hierarchical | impl/verilog/report/predict_model_utilization_hierarchical_routed.rpt |
+--------------------------+-----------------------------------------------------------------------+


